[2025-11-12 21:57:31] GitHub404 -[31mFAILED[0m (status: [31m404[0m, TIME: [31m780ms)[0m


[2025-11-12 22:07:41] GitHub404 -[31mFAILED[0m (status: [31m404[0m, TIME: [31m822ms)[0m
[2025-11-12 22:07:42] SlowSite -[31mFAILED[0m (status: [31m503[0m, TIME: [31m599ms)[0m

[2025-11-12 22:12:53] GitHub404 -[31mFAILED[0m (status: [31m404[0m, TIME: [31m2833ms)[0m
[2025-11-12 22:12:55] SlowSite -[31mFAILED[0m (status: [31m503[0m, TIME: [31m998ms)[0m

[2025-11-12 22:21:12] GitHub404 -[31mFAILED[0m (status: [31m404[0m, TIME: [31m342ms)[0m
[2025-11-12 22:21:13] SlowSite -[31mFAILED[0m (status: [31m503[0m, TIME: [31m1006ms)[0m
[2025-11-12 22:21:14] FakeSite - ---- (status: [31mUnreachable[0m, TIME: ----)[0m
[2025-11-13 03:39:58] Google - ---- (status: [31mUnreachable[0m, TIME: ----)[0m
[2025-11-13 03:40:08] GitHub - ---- (status: [31mUnreachable[0m, TIME: ----)[0m
[2025-11-13 03:40:19] Amazon - ---- (status: [31mUnreachable[0m, TIME: ----)[0m
[2025-11-13 03:40:29] TypoDomain - ---- (status: [31mUnreachable[0m, TIME: ----)[0m
[2025-11-13 03:40:39] GitHub404 - ---- (status: [31mUnreachable[0m, TIME: ----)[0m
[2025-11-13 03:41:59] Google - ---- (status: [31mUnreachable[0m, TIME: ----)[0m
[2025-11-13 03:42:10] GitHub - ---- (status: [31mUnreachable[0m, TIME: ----)[0m
[2025-11-13 03:42:20] Amazon - ---- (status: [31mUnreachable[0m, TIME: ----)[0m
[2025-11-13 03:42:31] TypoDomain - ---- (status: [31mUnreachable[0m, TIME: ----)[0m
[2025-11-13 03:42:41] GitHub404 - ---- (status: [31mUnreachable[0m, TIME: ----)[0m
[2025-11-13 03:44:58] GitHub404 -[31mFAILED[0m (status: [31m404[0m, TIME: [31m354ms)[0m
[2025-11-13 03:45:06] FakeSite - ---- (status: [31mUnreachable[0m, TIME: ----)[0m
[2025-11-13 04:10:21] GitHub404 -[32mFAST[0m (status: [31m404$ (FAILED)[0m, TIME: [31m365ms)[0m
[2025-11-13 04:10:29] FakeSite - ---- (status: [31mUnreachable (FAILED)[0m, TIME: ----)
[2025-11-13 04:10:47] GitHub404 -[32mFAST[0m (status: [31m404$ (FAILED)[0m, TIME: [31m368ms)[0m
[2025-11-13 04:10:56] FakeSite - ---- (status: [31mUnreachable (FAILED)[0m, TIME: ----)
[2025-11-13 04:17:42] GitHub404 -[32mFAST[0m (status: [31m404$ (FAILED)[0m, TIME: [32m363ms)[0m
[2025-11-13 04:17:51] FakeSite - [32mFAST[0m (status: [31mUnreachable (FAILED)[0m, TIME: 0ms)
[2025-11-13 04:35:51] GitHub404 -[32mFAST[0m (status: [31m404$ (FAILED)[0m, TIME: [32m385ms)[0m
[2025-11-13 04:35:58] FakeSite - ---- (status: [31mUnreachable (FAILED)[0m, TIME: ----)
[2025-11-13 05:36:53] GitHub404 -[32mFAST[0m (status: [31m404 (FAILED)[0m, TIME: [32m375ms)[0m
[2025-11-13 05:36:59] FakeSite - ---- (status: [31mUnreachable (FAILED)[0m, TIME: ----)
[2025-11-13 05:37:16] GitHub404 -[32mFAST[0m (status: [31m404 (FAILED)[0m, TIME: [32m391ms)[0m
[2025-11-13 05:37:23] FakeSite - ---- (status: [31mUnreachable (FAILED)[0m, TIME: ----)
[2025-11-14 16:56:49] GitHub404 -[32mFAST[0m (status: [31m404 (FAILED)[0m, TIME: [32m418ms)[0m
[2025-11-14 16:57:00] SlowSite - ---- (status: [31mUnreachable (FAILED)[0m, TIME: ----)
[2025-11-14 16:57:02] FakeSite - ---- (status: [31mUnreachable (FAILED)[0m, TIME: ----)
[2025-11-15 02:25:03] GitHub404 -[32mFAST[0m (status: [31m404 (FAILED)[0m, TIME: [32m359ms)[0m
[2025-11-15 02:25:09] FakeSite - ---- (status: [31mUnreachable (FAILED)[0m, TIME: ----)
[2025-11-15 05:30:34] GitHub404 -\e[32mFAST\e[0m (status: \e[31m404 (FAILED)\e[0m, TIME: \e[32m338ms)\e[0m
[2025-11-15 05:30:40] FakeSite - ---- (status: \e[31mUnreachable (FAILED)\e[0m, TIME: ----)
[2025-11-15 05:45:03] GitHub404 -[32mFAST[0m (status: [31m404 (FAILED)[0m, TIME: 363ms)
[2025-11-15 05:45:04] SlowSite -[32mFAST[0m (status: [31m502 (FAILED)[0m, TIME: 799ms)
[2025-11-15 05:45:04] FakeSite - ---- (status: [31mUnreachable (FAILED)[0m, TIME: ----)
[2025-11-16 02:11:54] GitHub404 -[32mFAST[0m (status: [31m404 (FAILED)[0m, TIME: 366ms)
[2025-11-16 02:12:00] FakeSite - ---- (status: [31mUnreachable (FAILED)[0m, TIME: ----)
[2025-11-16 04:08:43] GitHub404 -[32mFAST[0m (status: [31m404 (FAILED)[0m, TIME: 332ms)
[2025-11-16 04:08:48] FakeSite - ---- (status: [31mUnreachable (FAILED)[0m, TIME: ----)
[2025-11-16 04:09:04] GitHub404 -[32mFAST[0m (status: [31m404 (FAILED)[0m, TIME: 336ms)
[2025-11-16 04:09:10] FakeSite - ---- (status: [31mUnreachable (FAILED)[0m, TIME: ----)
[2025-11-16 04:10:06] GitHub404 -[32mFAST[0m (status: [31m404 (FAILED)[0m, TIME: 372ms)
[2025-11-16 04:10:11] FakeSite - ---- (status: [31mUnreachable (FAILED)[0m, TIME: ----)
[2025-11-16 04:11:05] GitHub404 -[32mFAST[0m (status: [31m404 (FAILED)[0m, TIME: 333ms)
[2025-11-16 04:11:11] FakeSite - ---- (status: [31mUnreachable (FAILED)[0m, TIME: ----)
[2025-11-16 04:12:04] GitHub404 -[32mFAST[0m (status: [31m404 (FAILED)[0m, TIME: 323ms)
[2025-11-16 04:12:10] FakeSite - ---- (status: [31mUnreachable (FAILED)[0m, TIME: ----)
[2025-11-16 04:13:05] GitHub404 -[32mFAST[0m (status: [31m404 (FAILED)[0m, TIME: 342ms)
[2025-11-16 04:13:11] FakeSite - ---- (status: [31mUnreachable (FAILED)[0m, TIME: ----)
[2025-11-16 04:14:04] GitHub404 -[32mFAST[0m (status: [31m404 (FAILED)[0m, TIME: 327ms)
[2025-11-16 04:14:08] FakeSite - ---- (status: [31mUnreachable (FAILED)[0m, TIME: ----)
[2025-11-16 04:15:04] GitHub404 -[32mFAST[0m (status: [31m404 (FAILED)[0m, TIME: 345ms)
[2025-11-16 04:15:09] FakeSite - ---- (status: [31mUnreachable (FAILED)[0m, TIME: ----)
[2025-11-16 04:16:04] GitHub404 -[32mFAST[0m (status: [31m404 (FAILED)[0m, TIME: 334ms)
[2025-11-16 04:16:08] FakeSite - ---- (status: [31mUnreachable (FAILED)[0m, TIME: ----)
[2025-11-16 04:17:04] GitHub404 -[32mFAST[0m (status: [31m404 (FAILED)[0m, TIME: 324ms)
[2025-11-16 04:17:09] FakeSite - ---- (status: [31mUnreachable (FAILED)[0m, TIME: ----)
[2025-11-16 04:18:04] GitHub404 -[32mFAST[0m (status: [31m404 (FAILED)[0m, TIME: 396ms)
[2025-11-16 04:18:09] FakeSite - ---- (status: [31mUnreachable (FAILED)[0m, TIME: ----)
[2025-11-16 04:19:04] GitHub404 -[32mFAST[0m (status: [31m404 (FAILED)[0m, TIME: 362ms)
[2025-11-16 04:19:08] FakeSite - ---- (status: [31mUnreachable (FAILED)[0m, TIME: ----)
[2025-11-16 04:20:04] GitHub404 -[32mFAST[0m (status: [31m404 (FAILED)[0m, TIME: 354ms)
[2025-11-16 04:20:09] FakeSite - ---- (status: [31mUnreachable (FAILED)[0m, TIME: ----)
[2025-11-16 04:21:04] GitHub404 -[32mFAST[0m (status: [31m404 (FAILED)[0m, TIME: 340ms)
[2025-11-16 04:21:09] FakeSite - ---- (status: [31mUnreachable (FAILED)[0m, TIME: ----)
[2025-11-16 04:22:04] GitHub404 -[32mFAST[0m (status: [31m404 (FAILED)[0m, TIME: 354ms)
[2025-11-16 04:22:09] FakeSite - ---- (status: [31mUnreachable (FAILED)[0m, TIME: ----)
[2025-11-16 04:23:03] GitHub404 -[32mFAST[0m (status: [31m404 (FAILED)[0m, TIME: 349ms)
[2025-11-16 04:23:09] FakeSite - ---- (status: [31mUnreachable (FAILED)[0m, TIME: ----)
[2025-11-16 04:24:04] GitHub404 -[32mFAST[0m (status: [31m404 (FAILED)[0m, TIME: 344ms)
[2025-11-16 04:24:11] FakeSite - ---- (status: [31mUnreachable (FAILED)[0m, TIME: ----)
[2025-11-16 04:25:04] GitHub404 -[32mFAST[0m (status: [31m404 (FAILED)[0m, TIME: 407ms)
[2025-11-16 04:25:11] FakeSite - ---- (status: [31mUnreachable (FAILED)[0m, TIME: ----)
[2025-11-16 04:26:04] GitHub404 -[32mFAST[0m (status: [31m404 (FAILED)[0m, TIME: 330ms)
[2025-11-16 04:26:09] FakeSite - ---- (status: [31mUnreachable (FAILED)[0m, TIME: ----)
[2025-11-16 04:27:04] GitHub404 -[32mFAST[0m (status: [31m404 (FAILED)[0m, TIME: 340ms)
[2025-11-16 04:27:08] FakeSite - ---- (status: [31mUnreachable (FAILED)[0m, TIME: ----)
[2025-11-16 04:28:05] GitHub404 -[32mFAST[0m (status: [31m404 (FAILED)[0m, TIME: 380ms)
[2025-11-16 04:28:12] FakeSite - ---- (status: [31mUnreachable (FAILED)[0m, TIME: ----)
[2025-11-16 04:29:04] GitHub404 -[32mFAST[0m (status: [31m404 (FAILED)[0m, TIME: 348ms)
[2025-11-16 04:29:11] FakeSite - ---- (status: [31mUnreachable (FAILED)[0m, TIME: ----)
[2025-11-16 04:30:07] TypoDomain - ---- (status: [31mUnreachable (FAILED)[0m, TIME: ----)
[2025-11-16 04:30:07] GitHub404 -[32mFAST[0m (status: [31m404 (FAILED)[0m, TIME: 341ms)
[2025-11-16 04:30:12] FakeSite - ---- (status: [31mUnreachable (FAILED)[0m, TIME: ----)
[2025-11-16 04:31:05] GitHub404 -[32mFAST[0m (status: [31m404 (FAILED)[0m, TIME: 311ms)
[2025-11-16 04:31:09] FakeSite - ---- (status: [31mUnreachable (FAILED)[0m, TIME: ----)
[2025-11-16 04:32:04] GitHub404 -[32mFAST[0m (status: [31m404 (FAILED)[0m, TIME: 435ms)
[2025-11-16 04:32:10] FakeSite - ---- (status: [31mUnreachable (FAILED)[0m, TIME: ----)
[2025-11-16 04:33:11] Google - ---- (status: [31mUnreachable (FAILED)[0m, TIME: ----)
[2025-11-16 04:33:21] GitHub - ---- (status: [31mUnreachable (FAILED)[0m, TIME: ----)
[2025-11-16 04:33:32] Amazon - ---- (status: [31mUnreachable (FAILED)[0m, TIME: ----)
[2025-11-16 04:33:42] TypoDomain - ---- (status: [31mUnreachable (FAILED)[0m, TIME: ----)
[2025-11-16 04:33:52] GitHub404 - ---- (status: [31mUnreachable (FAILED)[0m, TIME: ----)
[2025-11-16 04:34:02] SlowSite - ---- (status: [31mUnreachable (FAILED)[0m, TIME: ----)
[2025-11-16 04:34:11] Google - ---- (status: [31mUnreachable (FAILED)[0m, TIME: ----)
[2025-11-16 04:34:12] Google403 - ---- (status: [31mUnreachable (FAILED)[0m, TIME: ----)
[2025-11-16 04:34:22] GitHub - ---- (status: [31mUnreachable (FAILED)[0m, TIME: ----)
[2025-11-16 04:34:23] FakeSite - ---- (status: [31mUnreachable (FAILED)[0m, TIME: ----)
[2025-11-16 04:34:29] Amazon - ---- (status: [31mUnreachable (FAILED)[0m, TIME: ----)
[2025-11-16 04:34:29] TypoDomain - ---- (status: [31mUnreachable (FAILED)[0m, TIME: ----)
[2025-11-16 04:34:29] GitHub404 - ---- (status: [31mUnreachable (FAILED)[0m, TIME: ----)
[2025-11-16 04:34:30] SlowSite - ---- (status: [31mUnreachable (FAILED)[0m, TIME: ----)
[2025-11-16 04:34:30] Google403 - ---- (status: [31mUnreachable (FAILED)[0m, TIME: ----)
[2025-11-16 04:34:30] FakeSite - ---- (status: [31mUnreachable (FAILED)[0m, TIME: ----)
[2025-11-16 04:35:01] Google - ---- (status: [31mUnreachable (FAILED)[0m, TIME: ----)
[2025-11-16 04:35:01] GitHub - ---- (status: [31mUnreachable (FAILED)[0m, TIME: ----)
[2025-11-16 04:35:02] Amazon - ---- (status: [31mUnreachable (FAILED)[0m, TIME: ----)
[2025-11-16 04:35:02] TypoDomain - ---- (status: [31mUnreachable (FAILED)[0m, TIME: ----)
[2025-11-16 04:35:02] GitHub404 - ---- (status: [31mUnreachable (FAILED)[0m, TIME: ----)
[2025-11-16 04:35:02] SlowSite - ---- (status: [31mUnreachable (FAILED)[0m, TIME: ----)
[2025-11-16 04:35:03] Google403 - ---- (status: [31mUnreachable (FAILED)[0m, TIME: ----)
[2025-11-16 04:35:03] FakeSite - ---- (status: [31mUnreachable (FAILED)[0m, TIME: ----)
[2025-11-16 04:36:11] Google - ---- (status: [31mUnreachable (FAILED)[0m, TIME: ----)
[2025-11-16 04:36:21] GitHub - ---- (status: [31mUnreachable (FAILED)[0m, TIME: ----)
[2025-11-16 04:36:24] GitHub404 -[32mFAST[0m (status: [31m404 (FAILED)[0m, TIME: 860ms)
[2025-11-16 04:36:33] FakeSite - ---- (status: [31mUnreachable (FAILED)[0m, TIME: ----)
[2025-11-16 04:37:04] GitHub404 -[32mFAST[0m (status: [31m404 (FAILED)[0m, TIME: 343ms)
[2025-11-16 04:37:09] FakeSite - ---- (status: [31mUnreachable (FAILED)[0m, TIME: ----)
[2025-11-16 04:38:04] GitHub404 -[32mFAST[0m (status: [31m404 (FAILED)[0m, TIME: 358ms)
[2025-11-16 04:38:09] FakeSite - ---- (status: [31mUnreachable (FAILED)[0m, TIME: ----)
[2025-11-16 04:39:06] GitHub404 -[32mFAST[0m (status: [31m404 (FAILED)[0m, TIME: 359ms)
[2025-11-16 04:39:10] FakeSite - ---- (status: [31mUnreachable (FAILED)[0m, TIME: ----)
[2025-11-16 04:40:04] GitHub404 -[32mFAST[0m (status: [31m404 (FAILED)[0m, TIME: 349ms)
[2025-11-16 04:40:09] FakeSite - ---- (status: [31mUnreachable (FAILED)[0m, TIME: ----)
[2025-11-16 04:41:04] GitHub404 -[32mFAST[0m (status: [31m404 (FAILED)[0m, TIME: 355ms)
[2025-11-16 04:41:09] FakeSite - ---- (status: [31mUnreachable (FAILED)[0m, TIME: ----)
[2025-11-16 04:42:04] GitHub404 -[32mFAST[0m (status: [31m404 (FAILED)[0m, TIME: 353ms)
[2025-11-16 04:42:09] FakeSite - ---- (status: [31mUnreachable (FAILED)[0m, TIME: ----)
[2025-11-16 04:43:03] GitHub404 -[32mFAST[0m (status: [31m404 (FAILED)[0m, TIME: 362ms)
[2025-11-16 04:43:08] FakeSite - ---- (status: [31mUnreachable (FAILED)[0m, TIME: ----)
[2025-11-16 04:44:04] GitHub404 -[32mFAST[0m (status: [31m404 (FAILED)[0m, TIME: 335ms)
[2025-11-16 04:44:10] FakeSite - ---- (status: [31mUnreachable (FAILED)[0m, TIME: ----)
[2025-11-16 04:45:04] GitHub404 -[32mFAST[0m (status: [31m404 (FAILED)[0m, TIME: 335ms)
[2025-11-16 04:45:09] FakeSite - ---- (status: [31mUnreachable (FAILED)[0m, TIME: ----)
[2025-11-16 04:46:03] GitHub404 -[32mFAST[0m (status: [31m404 (FAILED)[0m, TIME: 368ms)
[2025-11-16 04:46:08] FakeSite - ---- (status: [31mUnreachable (FAILED)[0m, TIME: ----)
[2025-11-16 04:47:11] Google - ---- (status: [31mUnreachable (FAILED)[0m, TIME: ----)
[2025-11-16 04:47:22] GitHub - ---- (status: [31mUnreachable (FAILED)[0m, TIME: ----)
[2025-11-16 04:47:32] Amazon - ---- (status: [31mUnreachable (FAILED)[0m, TIME: ----)
[2025-11-16 04:47:43] TypoDomain - ---- (status: [31mUnreachable (FAILED)[0m, TIME: ----)
[2025-11-16 04:47:53] GitHub404 - ---- (status: [31mUnreachable (FAILED)[0m, TIME: ----)
[2025-11-16 04:47:53] SlowSite - ---- (status: [31mUnreachable (FAILED)[0m, TIME: ----)
[2025-11-16 04:47:53] Google403 - ---- (status: [31mUnreachable (FAILED)[0m, TIME: ----)
[2025-11-16 04:47:53] FakeSite - ---- (status: [31mUnreachable (FAILED)[0m, TIME: ----)
[2025-11-16 04:48:02] Google - ---- (status: [31mUnreachable (FAILED)[0m, TIME: ----)
[2025-11-16 04:48:02] GitHub - ---- (status: [31mUnreachable (FAILED)[0m, TIME: ----)
[2025-11-16 04:48:03] Amazon - ---- (status: [31mUnreachable (FAILED)[0m, TIME: ----)
[2025-11-16 04:48:03] TypoDomain - ---- (status: [31mUnreachable (FAILED)[0m, TIME: ----)
[2025-11-16 04:48:03] GitHub404 - ---- (status: [31mUnreachable (FAILED)[0m, TIME: ----)
[2025-11-16 04:48:04] SlowSite - ---- (status: [31mUnreachable (FAILED)[0m, TIME: ----)
[2025-11-16 04:48:04] Google403 - ---- (status: [31mUnreachable (FAILED)[0m, TIME: ----)
[2025-11-16 04:48:04] FakeSite - ---- (status: [31mUnreachable (FAILED)[0m, TIME: ----)
[2025-11-16 04:49:02] Google - ---- (status: [31mUnreachable (FAILED)[0m, TIME: ----)
[2025-11-16 04:49:02] GitHub - ---- (status: [31mUnreachable (FAILED)[0m, TIME: ----)
[2025-11-16 04:49:02] Amazon - ---- (status: [31mUnreachable (FAILED)[0m, TIME: ----)
[2025-11-16 04:49:02] TypoDomain - ---- (status: [31mUnreachable (FAILED)[0m, TIME: ----)
[2025-11-16 04:49:03] GitHub404 - ---- (status: [31mUnreachable (FAILED)[0m, TIME: ----)
[2025-11-16 04:49:03] SlowSite - ---- (status: [31mUnreachable (FAILED)[0m, TIME: ----)
[2025-11-16 04:49:03] Google403 - ---- (status: [31mUnreachable (FAILED)[0m, TIME: ----)
[2025-11-16 04:49:04] FakeSite - ---- (status: [31mUnreachable (FAILED)[0m, TIME: ----)
[2025-11-16 04:50:01] Google - ---- (status: [31mUnreachable (FAILED)[0m, TIME: ----)
[2025-11-16 04:50:01] GitHub - ---- (status: [31mUnreachable (FAILED)[0m, TIME: ----)
[2025-11-16 04:50:01] Amazon - ---- (status: [31mUnreachable (FAILED)[0m, TIME: ----)
[2025-11-16 04:50:02] TypoDomain - ---- (status: [31mUnreachable (FAILED)[0m, TIME: ----)
[2025-11-16 04:50:02] GitHub404 - ---- (status: [31mUnreachable (FAILED)[0m, TIME: ----)
[2025-11-16 04:50:02] SlowSite - ---- (status: [31mUnreachable (FAILED)[0m, TIME: ----)
[2025-11-16 04:50:02] Google403 - ---- (status: [31mUnreachable (FAILED)[0m, TIME: ----)
[2025-11-16 04:50:02] FakeSite - ---- (status: [31mUnreachable (FAILED)[0m, TIME: ----)
[2025-11-16 04:51:12] Google - ---- (status: [31mUnreachable (FAILED)[0m, TIME: ----)
[2025-11-16 04:51:22] GitHub - ---- (status: [31mUnreachable (FAILED)[0m, TIME: ----)
[2025-11-16 04:51:32] Amazon - ---- (status: [31mUnreachable (FAILED)[0m, TIME: ----)
[2025-11-16 04:51:42] TypoDomain - ---- (status: [31mUnreachable (FAILED)[0m, TIME: ----)
[2025-11-16 04:51:42] GitHub404 - ---- (status: [31mUnreachable (FAILED)[0m, TIME: ----)
[2025-11-16 04:51:43] SlowSite - ---- (status: [31mUnreachable (FAILED)[0m, TIME: ----)
[2025-11-16 04:51:43] Google403 - ---- (status: [31mUnreachable (FAILED)[0m, TIME: ----)
[2025-11-16 04:51:43] FakeSite - ---- (status: [31mUnreachable (FAILED)[0m, TIME: ----)
[2025-11-16 04:52:02] Google - ---- (status: [31mUnreachable (FAILED)[0m, TIME: ----)
[2025-11-16 04:52:02] GitHub - ---- (status: [31mUnreachable (FAILED)[0m, TIME: ----)
[2025-11-16 04:52:02] Amazon - ---- (status: [31mUnreachable (FAILED)[0m, TIME: ----)
[2025-11-16 04:52:02] TypoDomain - ---- (status: [31mUnreachable (FAILED)[0m, TIME: ----)
[2025-11-16 04:52:02] GitHub404 - ---- (status: [31mUnreachable (FAILED)[0m, TIME: ----)
[2025-11-16 04:52:03] SlowSite - ---- (status: [31mUnreachable (FAILED)[0m, TIME: ----)
[2025-11-16 04:52:03] Google403 - ---- (status: [31mUnreachable (FAILED)[0m, TIME: ----)
[2025-11-16 04:52:03] FakeSite - ---- (status: [31mUnreachable (FAILED)[0m, TIME: ----)
[2025-11-16 04:53:12] Google - ---- (status: [31mUnreachable (FAILED)[0m, TIME: ----)
[2025-11-16 04:53:22] GitHub - ---- (status: [31mUnreachable (FAILED)[0m, TIME: ----)
[2025-11-16 04:53:32] Amazon - ---- (status: [31mUnreachable (FAILED)[0m, TIME: ----)
[2025-11-16 04:53:43] GitHub404 - ---- (status: [31mUnreachable (FAILED)[0m, TIME: ----)
[2025-11-16 04:53:54] SlowSite - ---- (status: [31mUnreachable (FAILED)[0m, TIME: ----)
[2025-11-16 04:54:04] Google403 - ---- (status: [31mUnreachable (FAILED)[0m, TIME: ----)
[2025-11-16 04:54:11] Google - ---- (status: [31mUnreachable (FAILED)[0m, TIME: ----)
[2025-11-16 04:54:14] FakeSite - ---- (status: [31mUnreachable (FAILED)[0m, TIME: ----)
[2025-11-16 04:54:21] GitHub - ---- (status: [31mUnreachable (FAILED)[0m, TIME: ----)
[2025-11-16 04:54:31] Amazon - ---- (status: [31mUnreachable (FAILED)[0m, TIME: ----)
[2025-11-16 04:54:42] GitHub404 - ---- (status: [31mUnreachable (FAILED)[0m, TIME: ----)
[2025-11-16 04:54:53] SlowSite - ---- (status: [31mUnreachable (FAILED)[0m, TIME: ----)
[2025-11-16 04:55:03] Google403 - ---- (status: [31mUnreachable (FAILED)[0m, TIME: ----)
[2025-11-16 04:55:11] Google - ---- (status: [31mUnreachable (FAILED)[0m, TIME: ----)
[2025-11-16 04:55:14] FakeSite - ---- (status: [31mUnreachable (FAILED)[0m, TIME: ----)
[2025-11-16 04:55:22] GitHub - ---- (status: [31mUnreachable (FAILED)[0m, TIME: ----)
[2025-11-16 04:55:32] Amazon - ---- (status: [31mUnreachable (FAILED)[0m, TIME: ----)
[2025-11-16 04:55:43] GitHub404 - ---- (status: [31mUnreachable (FAILED)[0m, TIME: ----)
[2025-11-16 04:55:53] SlowSite - ---- (status: [31mUnreachable (FAILED)[0m, TIME: ----)
[2025-11-16 04:56:04] Google403 - ---- (status: [31mUnreachable (FAILED)[0m, TIME: ----)
[2025-11-16 04:56:11] Google - ---- (status: [31mUnreachable (FAILED)[0m, TIME: ----)
[2025-11-16 04:56:14] FakeSite - ---- (status: [31mUnreachable (FAILED)[0m, TIME: ----)
[2025-11-16 04:56:21] GitHub - ---- (status: [31mUnreachable (FAILED)[0m, TIME: ----)
[2025-11-16 04:56:31] Amazon - ---- (status: [31mUnreachable (FAILED)[0m, TIME: ----)
[2025-11-16 04:56:42] GitHub404 - ---- (status: [31mUnreachable (FAILED)[0m, TIME: ----)
[2025-11-16 04:56:53] SlowSite - ---- (status: [31mUnreachable (FAILED)[0m, TIME: ----)
[2025-11-16 04:57:03] Google403 - ---- (status: [31mUnreachable (FAILED)[0m, TIME: ----)
[2025-11-16 04:57:11] Google - ---- (status: [31mUnreachable (FAILED)[0m, TIME: ----)
[2025-11-16 04:57:13] FakeSite - ---- (status: [31mUnreachable (FAILED)[0m, TIME: ----)
[2025-11-16 04:57:22] GitHub - ---- (status: [31mUnreachable (FAILED)[0m, TIME: ----)
[2025-11-16 04:57:32] Amazon - ---- (status: [31mUnreachable (FAILED)[0m, TIME: ----)
[2025-11-16 04:57:43] GitHub404 - ---- (status: [31mUnreachable (FAILED)[0m, TIME: ----)
[2025-11-16 04:57:53] SlowSite - ---- (status: [31mUnreachable (FAILED)[0m, TIME: ----)
[2025-11-16 04:58:04] Google403 - ---- (status: [31mUnreachable (FAILED)[0m, TIME: ----)
[2025-11-16 04:58:12] Google - ---- (status: [31mUnreachable (FAILED)[0m, TIME: ----)
[2025-11-16 04:58:14] FakeSite - ---- (status: [31mUnreachable (FAILED)[0m, TIME: ----)
[2025-11-16 04:58:22] GitHub - ---- (status: [31mUnreachable (FAILED)[0m, TIME: ----)
[2025-11-16 04:58:33] Amazon - ---- (status: [31mUnreachable (FAILED)[0m, TIME: ----)
[2025-11-16 04:58:45] GitHub404 - ---- (status: [31mUnreachable (FAILED)[0m, TIME: ----)
[2025-11-16 04:58:55] SlowSite - ---- (status: [31mUnreachable (FAILED)[0m, TIME: ----)
[2025-11-16 04:59:05] Google403 - ---- (status: [31mUnreachable (FAILED)[0m, TIME: ----)
[2025-11-16 04:59:11] Google - ---- (status: [31mUnreachable (FAILED)[0m, TIME: ----)
[2025-11-16 04:59:16] FakeSite - ---- (status: [31mUnreachable (FAILED)[0m, TIME: ----)
[2025-11-16 04:59:21] GitHub - ---- (status: [31mUnreachable (FAILED)[0m, TIME: ----)
[2025-11-16 04:59:31] Amazon - ---- (status: [31mUnreachable (FAILED)[0m, TIME: ----)
[2025-11-16 04:59:43] GitHub404 - ---- (status: [31mUnreachable (FAILED)[0m, TIME: ----)
[2025-11-16 04:59:53] SlowSite - ---- (status: [31mUnreachable (FAILED)[0m, TIME: ----)
[2025-11-16 05:00:03] Google403 - ---- (status: [31mUnreachable (FAILED)[0m, TIME: ----)
[2025-11-16 05:00:11] Google - ---- (status: [31mUnreachable (FAILED)[0m, TIME: ----)
[2025-11-16 05:00:13] FakeSite - ---- (status: [31mUnreachable (FAILED)[0m, TIME: ----)
[2025-11-16 05:00:21] GitHub - ---- (status: [31mUnreachable (FAILED)[0m, TIME: ----)
[2025-11-16 05:00:31] Amazon - ---- (status: [31mUnreachable (FAILED)[0m, TIME: ----)
[2025-11-16 05:00:43] GitHub404 - ---- (status: [31mUnreachable (FAILED)[0m, TIME: ----)
[2025-11-16 05:00:54] SlowSite - ---- (status: [31mUnreachable (FAILED)[0m, TIME: ----)
[2025-11-16 05:01:04] Google403 - ---- (status: [31mUnreachable (FAILED)[0m, TIME: ----)
[2025-11-16 05:01:12] Google - ---- (status: [31mUnreachable (FAILED)[0m, TIME: ----)
[2025-11-16 05:01:14] FakeSite - ---- (status: [31mUnreachable (FAILED)[0m, TIME: ----)
[2025-11-16 05:01:22] GitHub - ---- (status: [31mUnreachable (FAILED)[0m, TIME: ----)
[2025-11-16 05:01:32] Amazon - ---- (status: [31mUnreachable (FAILED)[0m, TIME: ----)
[2025-11-16 05:01:43] GitHub404 - ---- (status: [31mUnreachable (FAILED)[0m, TIME: ----)
[2025-11-16 05:01:53] SlowSite - ---- (status: [31mUnreachable (FAILED)[0m, TIME: ----)
[2025-11-16 05:02:04] Google403 - ---- (status: [31mUnreachable (FAILED)[0m, TIME: ----)
[2025-11-16 05:02:11] Google - ---- (status: [31mUnreachable (FAILED)[0m, TIME: ----)
[2025-11-16 05:02:14] FakeSite - ---- (status: [31mUnreachable (FAILED)[0m, TIME: ----)
[2025-11-16 05:02:22] GitHub - ---- (status: [31mUnreachable (FAILED)[0m, TIME: ----)
[2025-11-16 05:02:32] Amazon - ---- (status: [31mUnreachable (FAILED)[0m, TIME: ----)
[2025-11-16 05:02:43] GitHub404 - ---- (status: [31mUnreachable (FAILED)[0m, TIME: ----)
[2025-11-16 05:02:53] SlowSite - ---- (status: [31mUnreachable (FAILED)[0m, TIME: ----)
[2025-11-16 05:03:03] Google403 - ---- (status: [31mUnreachable (FAILED)[0m, TIME: ----)
[2025-11-16 05:03:11] Google - ---- (status: [31mUnreachable (FAILED)[0m, TIME: ----)
[2025-11-16 05:03:14] FakeSite - ---- (status: [31mUnreachable (FAILED)[0m, TIME: ----)
[2025-11-16 05:03:21] GitHub - ---- (status: [31mUnreachable (FAILED)[0m, TIME: ----)
[2025-11-16 05:03:32] Amazon - ---- (status: [31mUnreachable (FAILED)[0m, TIME: ----)
[2025-11-16 05:03:43] GitHub404 - ---- (status: [31mUnreachable (FAILED)[0m, TIME: ----)
[2025-11-16 05:03:53] SlowSite - ---- (status: [31mUnreachable (FAILED)[0m, TIME: ----)
[2025-11-16 05:04:03] Google403 - ---- (status: [31mUnreachable (FAILED)[0m, TIME: ----)
[2025-11-16 05:04:11] Google - ---- (status: [31mUnreachable (FAILED)[0m, TIME: ----)
[2025-11-16 05:04:14] FakeSite - ---- (status: [31mUnreachable (FAILED)[0m, TIME: ----)
[2025-11-16 05:04:21] GitHub - ---- (status: [31mUnreachable (FAILED)[0m, TIME: ----)
[2025-11-16 05:04:32] Amazon - ---- (status: [31mUnreachable (FAILED)[0m, TIME: ----)
[2025-11-16 05:04:43] GitHub404 - ---- (status: [31mUnreachable (FAILED)[0m, TIME: ----)
[2025-11-16 05:04:53] SlowSite - ---- (status: [31mUnreachable (FAILED)[0m, TIME: ----)
[2025-11-16 05:05:03] Google403 - ---- (status: [31mUnreachable (FAILED)[0m, TIME: ----)
[2025-11-16 05:05:11] Google - ---- (status: [31mUnreachable (FAILED)[0m, TIME: ----)
[2025-11-16 05:05:13] FakeSite - ---- (status: [31mUnreachable (FAILED)[0m, TIME: ----)
[2025-11-16 05:05:21] GitHub - ---- (status: [31mUnreachable (FAILED)[0m, TIME: ----)
[2025-11-16 05:05:31] Amazon - ---- (status: [31mUnreachable (FAILED)[0m, TIME: ----)
[2025-11-16 05:05:42] GitHub404 - ---- (status: [31mUnreachable (FAILED)[0m, TIME: ----)
[2025-11-16 05:05:53] SlowSite - ---- (status: [31mUnreachable (FAILED)[0m, TIME: ----)
[2025-11-16 05:06:03] Google403 - ---- (status: [31mUnreachable (FAILED)[0m, TIME: ----)
[2025-11-16 05:06:12] Google - ---- (status: [31mUnreachable (FAILED)[0m, TIME: ----)
[2025-11-16 05:06:13] FakeSite - ---- (status: [31mUnreachable (FAILED)[0m, TIME: ----)
[2025-11-16 05:06:22] GitHub - ---- (status: [31mUnreachable (FAILED)[0m, TIME: ----)
[2025-11-16 05:06:32] Amazon - ---- (status: [31mUnreachable (FAILED)[0m, TIME: ----)
[2025-11-16 05:06:43] GitHub404 - ---- (status: [31mUnreachable (FAILED)[0m, TIME: ----)
[2025-11-16 05:06:54] SlowSite - ---- (status: [31mUnreachable (FAILED)[0m, TIME: ----)
[2025-11-16 05:07:04] Google403 - ---- (status: [31mUnreachable (FAILED)[0m, TIME: ----)
[2025-11-16 05:07:11] Google - ---- (status: [31mUnreachable (FAILED)[0m, TIME: ----)
[2025-11-16 05:07:14] FakeSite - ---- (status: [31mUnreachable (FAILED)[0m, TIME: ----)
[2025-11-16 05:07:21] GitHub - ---- (status: [31mUnreachable (FAILED)[0m, TIME: ----)
[2025-11-16 05:07:32] Amazon - ---- (status: [31mUnreachable (FAILED)[0m, TIME: ----)
[2025-11-16 05:07:42] GitHub404 - ---- (status: [31mUnreachable (FAILED)[0m, TIME: ----)
[2025-11-16 05:07:53] SlowSite - ---- (status: [31mUnreachable (FAILED)[0m, TIME: ----)
[2025-11-16 05:08:04] Google403 - ---- (status: [31mUnreachable (FAILED)[0m, TIME: ----)
[2025-11-16 05:08:11] Google - ---- (status: [31mUnreachable (FAILED)[0m, TIME: ----)
[2025-11-16 05:08:14] FakeSite - ---- (status: [31mUnreachable (FAILED)[0m, TIME: ----)
[2025-11-16 05:08:22] GitHub - ---- (status: [31mUnreachable (FAILED)[0m, TIME: ----)
[2025-11-16 05:08:32] Amazon - ---- (status: [31mUnreachable (FAILED)[0m, TIME: ----)
[2025-11-16 05:08:43] GitHub404 - ---- (status: [31mUnreachable (FAILED)[0m, TIME: ----)
[2025-11-16 05:08:53] SlowSite - ---- (status: [31mUnreachable (FAILED)[0m, TIME: ----)
[2025-11-16 05:09:03] Google403 - ---- (status: [31mUnreachable (FAILED)[0m, TIME: ----)
[2025-11-16 05:09:12] Google - ---- (status: [31mUnreachable (FAILED)[0m, TIME: ----)
[2025-11-16 05:09:13] FakeSite - ---- (status: [31mUnreachable (FAILED)[0m, TIME: ----)
[2025-11-16 05:09:22] GitHub - ---- (status: [31mUnreachable (FAILED)[0m, TIME: ----)
[2025-11-16 05:09:32] Amazon - ---- (status: [31mUnreachable (FAILED)[0m, TIME: ----)
[2025-11-16 05:09:42] TypoDomain - ---- (status: [31mUnreachable (FAILED)[0m, TIME: ----)
[2025-11-16 05:09:52] GitHub404 - ---- (status: [31mUnreachable (FAILED)[0m, TIME: ----)
[2025-11-16 05:09:59] SlowSite - ---- (status: [31mUnreachable (FAILED)[0m, TIME: ----)
[2025-11-16 05:09:59] Google403 - ---- (status: [31mUnreachable (FAILED)[0m, TIME: ----)
[2025-11-16 05:09:59] FakeSite - ---- (status: [31mUnreachable (FAILED)[0m, TIME: ----)
[2025-11-16 05:10:05] GitHub404 -[32mFAST[0m (status: [31m404 (FAILED)[0m, TIME: 468ms)
[2025-11-16 05:10:11] FakeSite - ---- (status: [31mUnreachable (FAILED)[0m, TIME: ----)
[2025-11-16 05:11:05] GitHub404 -[32mFAST[0m (status: [31m404 (FAILED)[0m, TIME: 438ms)
[2025-11-16 05:11:10] FakeSite - ---- (status: [31mUnreachable (FAILED)[0m, TIME: ----)
[2025-11-16 05:12:04] GitHub404 -[32mFAST[0m (status: [31m404 (FAILED)[0m, TIME: 431ms)
[2025-11-16 05:12:09] FakeSite - ---- (status: [31mUnreachable (FAILED)[0m, TIME: ----)
[2025-11-16 05:13:04] GitHub404 -[32mFAST[0m (status: [31m404 (FAILED)[0m, TIME: 369ms)
[2025-11-16 05:13:09] FakeSite - ---- (status: [31mUnreachable (FAILED)[0m, TIME: ----)
[2025-11-16 05:14:04] GitHub404 -[32mFAST[0m (status: [31m404 (FAILED)[0m, TIME: 434ms)
[2025-11-16 05:14:10] FakeSite - ---- (status: [31mUnreachable (FAILED)[0m, TIME: ----)
[2025-11-16 05:15:05] GitHub404 -[32mFAST[0m (status: [31m404 (FAILED)[0m, TIME: 387ms)
[2025-11-16 05:15:10] FakeSite - ---- (status: [31mUnreachable (FAILED)[0m, TIME: ----)
[2025-11-16 05:16:04] GitHub404 -[32mFAST[0m (status: [31m404 (FAILED)[0m, TIME: 469ms)
[2025-11-16 05:16:09] FakeSite - ---- (status: [31mUnreachable (FAILED)[0m, TIME: ----)
[2025-11-16 05:17:05] GitHub404 -[32mFAST[0m (status: [31m404 (FAILED)[0m, TIME: 561ms)
[2025-11-16 05:17:10] FakeSite - ---- (status: [31mUnreachable (FAILED)[0m, TIME: ----)
[2025-11-16 05:18:05] GitHub404 -[32mFAST[0m (status: [31m404 (FAILED)[0m, TIME: 418ms)
[2025-11-16 05:18:13] FakeSite - ---- (status: [31mUnreachable (FAILED)[0m, TIME: ----)
[2025-11-16 05:19:05] GitHub404 -[32mFAST[0m (status: [31m404 (FAILED)[0m, TIME: 428ms)
[2025-11-16 05:19:10] FakeSite - ---- (status: [31mUnreachable (FAILED)[0m, TIME: ----)
[2025-11-16 05:20:06] GitHub404 -[32mFAST[0m (status: [31m404 (FAILED)[0m, TIME: 432ms)
[2025-11-16 05:20:12] FakeSite - ---- (status: [31mUnreachable (FAILED)[0m, TIME: ----)
[2025-11-16 05:21:08] GitHub404 -[32mFAST[0m (status: [31m404 (FAILED)[0m, TIME: 441ms)
[2025-11-16 05:21:13] FakeSite - ---- (status: [31mUnreachable (FAILED)[0m, TIME: ----)
[2025-11-16 05:22:04] GitHub404 -[32mFAST[0m (status: [31m404 (FAILED)[0m, TIME: 404ms)
[2025-11-16 05:22:09] FakeSite - ---- (status: [31mUnreachable (FAILED)[0m, TIME: ----)
[2025-11-16 05:23:04] GitHub404 -[32mFAST[0m (status: [31m404 (FAILED)[0m, TIME: 409ms)
[2025-11-16 05:23:09] FakeSite - ---- (status: [31mUnreachable (FAILED)[0m, TIME: ----)
[2025-11-16 05:24:05] GitHub404 -[32mFAST[0m (status: [31m404 (FAILED)[0m, TIME: 413ms)
[2025-11-16 05:24:13] FakeSite - ---- (status: [31mUnreachable (FAILED)[0m, TIME: ----)
[2025-11-16 05:25:04] GitHub404 -[32mFAST[0m (status: [31m404 (FAILED)[0m, TIME: 380ms)
[2025-11-16 05:25:10] FakeSite - ---- (status: [31mUnreachable (FAILED)[0m, TIME: ----)
[2025-11-16 05:26:04] GitHub404 -[32mFAST[0m (status: [31m404 (FAILED)[0m, TIME: 425ms)
[2025-11-16 05:26:09] FakeSite - ---- (status: [31mUnreachable (FAILED)[0m, TIME: ----)
[2025-11-16 05:27:05] GitHub404 -[32mFAST[0m (status: [31m404 (FAILED)[0m, TIME: 450ms)
[2025-11-16 05:27:11] FakeSite - ---- (status: [31mUnreachable (FAILED)[0m, TIME: ----)
[2025-11-16 05:28:04] GitHub404 -[32mFAST[0m (status: [31m404 (FAILED)[0m, TIME: 422ms)
[2025-11-16 05:28:09] FakeSite - ---- (status: [31mUnreachable (FAILED)[0m, TIME: ----)
[2025-11-16 05:29:05] GitHub404 -[32mFAST[0m (status: [31m404 (FAILED)[0m, TIME: 398ms)
[2025-11-16 05:29:11] FakeSite - ---- (status: [31mUnreachable (FAILED)[0m, TIME: ----)
[2025-11-16 05:30:05] GitHub404 -[32mFAST[0m (status: [31m404 (FAILED)[0m, TIME: 409ms)
[2025-11-16 05:30:12] FakeSite - ---- (status: [31mUnreachable (FAILED)[0m, TIME: ----)
[2025-11-16 05:31:04] GitHub404 -[32mFAST[0m (status: [31m404 (FAILED)[0m, TIME: 420ms)
[2025-11-16 05:31:09] FakeSite - ---- (status: [31mUnreachable (FAILED)[0m, TIME: ----)
[2025-11-16 05:32:04] GitHub404 -[32mFAST[0m (status: [31m404 (FAILED)[0m, TIME: 424ms)
[2025-11-16 05:32:09] FakeSite - ---- (status: [31mUnreachable (FAILED)[0m, TIME: ----)
[2025-11-16 05:33:05] GitHub404 -[32mFAST[0m (status: [31m404 (FAILED)[0m, TIME: 380ms)
[2025-11-16 05:33:12] FakeSite - ---- (status: [31mUnreachable (FAILED)[0m, TIME: ----)
[2025-11-16 05:34:04] GitHub404 -[32mFAST[0m (status: [31m404 (FAILED)[0m, TIME: 391ms)
[2025-11-16 05:34:09] FakeSite - ---- (status: [31mUnreachable (FAILED)[0m, TIME: ----)
[2025-11-16 05:35:05] GitHub404 -[32mFAST[0m (status: [31m404 (FAILED)[0m, TIME: 448ms)
[2025-11-16 05:35:10] FakeSite - ---- (status: [31mUnreachable (FAILED)[0m, TIME: ----)
[2025-11-16 05:36:04] GitHub404 -[32mFAST[0m (status: [31m404 (FAILED)[0m, TIME: 461ms)
[2025-11-16 05:36:10] FakeSite - ---- (status: [31mUnreachable (FAILED)[0m, TIME: ----)
[2025-11-16 17:50:12] Google - ---- (status: [31mUnreachable (FAILED)[0m, TIME: ----)
[2025-11-16 17:50:22] GitHub - ---- (status: [31mUnreachable (FAILED)[0m, TIME: ----)
[2025-11-16 17:50:32] Amazon - ---- (status: [31mUnreachable (FAILED)[0m, TIME: ----)
[2025-11-16 17:50:43] TypoDomain - ---- (status: [31mUnreachable (FAILED)[0m, TIME: ----)
[2025-11-16 17:50:53] GitHub404 - ---- (status: [31mUnreachable (FAILED)[0m, TIME: ----)
[2025-11-16 17:51:03] SlowSite - ---- (status: [31mUnreachable (FAILED)[0m, TIME: ----)
[2025-11-16 17:51:14] Google403 - ---- (status: [31mUnreachable (FAILED)[0m, TIME: ----)
[2025-11-16 17:51:24] FakeSite - ---- (status: [31mUnreachable (FAILED)[0m, TIME: ----)
[2025-11-16 17:55:05] GitHub404 -[32mFAST[0m (status: [31m404 (FAILED)[0m, TIME: 332ms)
[2025-11-16 17:55:11] FakeSite - ---- (status: [31mUnreachable (FAILED)[0m, TIME: ----)
[2025-11-16 18:00:05] GitHub404 -[32mFAST[0m (status: [31m404 (FAILED)[0m, TIME: 362ms)
[2025-11-16 18:00:10] FakeSite - ---- (status: [31mUnreachable (FAILED)[0m, TIME: ----)
[2025-11-16 18:05:05] GitHub404 -[32mFAST[0m (status: [31m404 (FAILED)[0m, TIME: 363ms)
[2025-11-16 18:05:10] FakeSite - ---- (status: [31mUnreachable (FAILED)[0m, TIME: ----)
[2025-11-17 02:02:34] GitHub404 -[32mFAST[0m (status: [31m404 (FAILED)[0m, TIME: 400ms)
[2025-11-17 02:02:40] FakeSite - ---- (status: [31mUnreachable (FAILED)[0m, TIME: ----)
[2025-11-17 02:20:06] GitHub404 -[32mFAST[0m (status: [31m404 (FAILED)[0m, TIME: 373ms)
[2025-11-17 02:20:12] FakeSite - ---- (status: [31mUnreachable (FAILED)[0m, TIME: ----)
[2025-11-17 02:25:06] GitHub404 -[32mFAST[0m (status: [31m404 (FAILED)[0m, TIME: 380ms)
[2025-11-17 02:25:12] FakeSite - ---- (status: [31mUnreachable (FAILED)[0m, TIME: ----)
[2025-11-17 02:30:06] GitHub404 -[32mFAST[0m (status: [31m404 (FAILED)[0m, TIME: 342ms)
[2025-11-17 02:30:12] FakeSite - ---- (status: [31mUnreachable (FAILED)[0m, TIME: ----)
[2025-11-17 02:33:48] GitHub404 -[32mFAST[0m (status: [31m404 (FAILED)[0m, TIME: 606ms)
[2025-11-17 02:33:54] FakeSite - ---- (status: [31mUnreachable (FAILED)[0m, TIME: ----)
[2025-11-17 02:35:07] GitHub404 -[32mFAST[0m (status: [31m404 (FAILED)[0m, TIME: 421ms)
[2025-11-17 02:35:13] FakeSite - ---- (status: [31mUnreachable (FAILED)[0m, TIME: ----)
[2025-11-17 02:40:12] GitHub404 -[32mFAST[0m (status: [31m404 (FAILED)[0m, TIME: 416ms)
[2025-11-17 02:40:18] FakeSite - ---- (status: [31mUnreachable (FAILED)[0m, TIME: ----)
[2025-11-17 02:45:06] GitHub404 -[32mFAST[0m (status: [31m404 (FAILED)[0m, TIME: 349ms)
[2025-11-17 02:45:12] FakeSite - ---- (status: [31mUnreachable (FAILED)[0m, TIME: ----)
[2025-11-17 02:50:05] GitHub404 -[32mFAST[0m (status: [31m404 (FAILED)[0m, TIME: 343ms)
[2025-11-17 02:50:11] FakeSite - ---- (status: [31mUnreachable (FAILED)[0m, TIME: ----)
[2025-11-17 02:55:05] GitHub404 -[32mFAST[0m (status: [31m404 (FAILED)[0m, TIME: 529ms)
[2025-11-17 02:55:11] FakeSite - ---- (status: [31mUnreachable (FAILED)[0m, TIME: ----)
[2025-11-17 03:00:04] GitHub404 -[32mFAST[0m (status: [31m404 (FAILED)[0m, TIME: 365ms)
[2025-11-17 03:00:09] FakeSite - ---- (status: [31mUnreachable (FAILED)[0m, TIME: ----)
[2025-11-17 03:05:04] GitHub404 -[32mFAST[0m (status: [31m404 (FAILED)[0m, TIME: 321ms)
[2025-11-17 03:05:10] FakeSite - ---- (status: [31mUnreachable (FAILED)[0m, TIME: ----)
[2025-11-17 03:10:04] GitHub404 -[32mFAST[0m (status: [31m404 (FAILED)[0m, TIME: 334ms)
[2025-11-17 03:10:09] FakeSite - ---- (status: [31mUnreachable (FAILED)[0m, TIME: ----)
[2025-11-17 03:15:04] GitHub404 -[32mFAST[0m (status: [31m404 (FAILED)[0m, TIME: 337ms)
[2025-11-17 03:15:10] FakeSite - ---- (status: [31mUnreachable (FAILED)[0m, TIME: ----)
[2025-11-17 03:20:05] GitHub404 -[32mFAST[0m (status: [31m404 (FAILED)[0m, TIME: 590ms)
[2025-11-17 03:20:10] FakeSite - ---- (status: [31mUnreachable (FAILED)[0m, TIME: ----)
[2025-11-17 03:25:04] GitHub404 -[32mFAST[0m (status: [31m404 (FAILED)[0m, TIME: 357ms)
[2025-11-17 03:25:09] FakeSite - ---- (status: [31mUnreachable (FAILED)[0m, TIME: ----)
[2025-11-17 03:30:04] GitHub404 -[32mFAST[0m (status: [31m404 (FAILED)[0m, TIME: 327ms)
[2025-11-17 03:30:09] FakeSite - ---- (status: [31mUnreachable (FAILED)[0m, TIME: ----)
[2025-11-17 03:35:04] GitHub404 -[32mFAST[0m (status: [31m404 (FAILED)[0m, TIME: 365ms)
[2025-11-17 03:35:14] FakeSite - ---- (status: [31mUnreachable (FAILED)[0m, TIME: ----)
[2025-11-17 03:40:10] GitHub404 -[32mFAST[0m (status: [31m404 (FAILED)[0m, TIME: 361ms)
[2025-11-17 03:40:15] FakeSite - ---- (status: [31mUnreachable (FAILED)[0m, TIME: ----)
[2025-11-17 03:45:04] GitHub404 -[32mFAST[0m (status: [31m404 (FAILED)[0m, TIME: 315ms)
[2025-11-17 03:45:08] FakeSite - ---- (status: [31mUnreachable (FAILED)[0m, TIME: ----)
