[2025-11-16 05:27:02] Google - [32mFAST[0m (status: [32m301 (SUCCESS)[0m, TIME: 336ms)
[2025-11-16 05:27:02] GitHub - [32mFAST[0m (status: [32m200 (SUCCESS)[0m, TIME: 320ms)
[2025-11-16 05:27:03] Amazon - [32mFAST[0m (status: [32m301 (SUCCESS)[0m, TIME: 525ms)
[2025-11-16 05:27:04] TypoDomain - [32mFAST[0m (status: [32m301 (SUCCESS)[0m, TIME: 774ms)
[2025-11-16 05:27:05] GitHub404 -[32mFAST[0m (status: [31m404 (FAILED)[0m, TIME: 450ms)
[2025-11-16 05:27:10] SlowSite - [31mSLOW[0m (status: [32m200 (SUCCESS)[0m, TIME: 5625ms)
[2025-11-16 05:27:11] Google403 - [32mFAST[0m (status: [32m301 (SUCCESS)[0m, TIME: 221ms)
[2025-11-16 05:27:11] FakeSite - ---- (status: [31mUnreachable (FAILED)[0m, TIME: ----)
[2025-11-16 05:28:02] Google - [32mFAST[0m (status: [32m301 (SUCCESS)[0m, TIME: 407ms)
[2025-11-16 05:28:02] GitHub - [32mFAST[0m (status: [32m200 (SUCCESS)[0m, TIME: 323ms)
[2025-11-16 05:28:03] Amazon - [32mFAST[0m (status: [32m301 (SUCCESS)[0m, TIME: 526ms)
[2025-11-16 05:28:04] TypoDomain - [32mFAST[0m (status: [32m301 (SUCCESS)[0m, TIME: 469ms)
[2025-11-16 05:28:04] GitHub404 -[32mFAST[0m (status: [31m404 (FAILED)[0m, TIME: 422ms)
[2025-11-16 05:28:09] SlowSite - [31mSLOW[0m (status: [32m200 (SUCCESS)[0m, TIME: 3913ms)
[2025-11-16 05:28:09] Google403 - [32mFAST[0m (status: [32m301 (SUCCESS)[0m, TIME: 214ms)
[2025-11-16 05:28:09] FakeSite - ---- (status: [31mUnreachable (FAILED)[0m, TIME: ----)
[2025-11-16 05:29:02] Google - [32mFAST[0m (status: [32m301 (SUCCESS)[0m, TIME: 456ms)
[2025-11-16 05:29:03] GitHub - [32mFAST[0m (status: [32m200 (SUCCESS)[0m, TIME: 395ms)
[2025-11-16 05:29:03] Amazon - [32mFAST[0m (status: [32m301 (SUCCESS)[0m, TIME: 630ms)
[2025-11-16 05:29:04] TypoDomain - [32mFAST[0m (status: [32m301 (SUCCESS)[0m, TIME: 560ms)
[2025-11-16 05:29:05] GitHub404 -[32mFAST[0m (status: [31m404 (FAILED)[0m, TIME: 398ms)
[2025-11-16 05:29:10] SlowSite - [31mSLOW[0m (status: [32m200 (SUCCESS)[0m, TIME: 4885ms)
[2025-11-16 05:29:11] Google403 - [32mFAST[0m (status: [32m301 (SUCCESS)[0m, TIME: 271ms)
[2025-11-16 05:29:11] FakeSite - ---- (status: [31mUnreachable (FAILED)[0m, TIME: ----)
[2025-11-16 05:30:02] Google - [32mFAST[0m (status: [32m301 (SUCCESS)[0m, TIME: 444ms)
[2025-11-16 05:30:03] GitHub - [32mFAST[0m (status: [32m200 (SUCCESS)[0m, TIME: 443ms)
[2025-11-16 05:30:04] Amazon - [32mFAST[0m (status: [32m301 (SUCCESS)[0m, TIME: 526ms)
[2025-11-16 05:30:05] TypoDomain - [32mFAST[0m (status: [32m301 (SUCCESS)[0m, TIME: 668ms)
[2025-11-16 05:30:05] GitHub404 -[32mFAST[0m (status: [31m404 (FAILED)[0m, TIME: 409ms)
[2025-11-16 05:30:11] SlowSite - [31mSLOW[0m (status: [32m200 (SUCCESS)[0m, TIME: 5383ms)
[2025-11-16 05:30:12] Google403 - [32mFAST[0m (status: [32m301 (SUCCESS)[0m, TIME: 286ms)
[2025-11-16 05:30:12] FakeSite - ---- (status: [31mUnreachable (FAILED)[0m, TIME: ----)
[2025-11-16 05:31:02] Google - [32mFAST[0m (status: [32m301 (SUCCESS)[0m, TIME: 282ms)
[2025-11-16 05:31:03] GitHub - [32mFAST[0m (status: [32m200 (SUCCESS)[0m, TIME: 325ms)
[2025-11-16 05:31:03] Amazon - [32mFAST[0m (status: [32m301 (SUCCESS)[0m, TIME: 539ms)
[2025-11-16 05:31:04] TypoDomain - [32mFAST[0m (status: [32m301 (SUCCESS)[0m, TIME: 350ms)
[2025-11-16 05:31:04] GitHub404 -[32mFAST[0m (status: [31m404 (FAILED)[0m, TIME: 420ms)
[2025-11-16 05:31:08] SlowSite - [31mSLOW[0m (status: [32m200 (SUCCESS)[0m, TIME: 3734ms)
[2025-11-16 05:31:09] Google403 - [32mFAST[0m (status: [32m301 (SUCCESS)[0m, TIME: 247ms)
[2025-11-16 05:31:09] FakeSite - ---- (status: [31mUnreachable (FAILED)[0m, TIME: ----)
[2025-11-16 05:32:02] Google - [32mFAST[0m (status: [32m301 (SUCCESS)[0m, TIME: 379ms)
[2025-11-16 05:32:02] GitHub - [32mFAST[0m (status: [32m200 (SUCCESS)[0m, TIME: 316ms)
[2025-11-16 05:32:03] Amazon - [32mFAST[0m (status: [32m301 (SUCCESS)[0m, TIME: 536ms)
[2025-11-16 05:32:04] TypoDomain - [32mFAST[0m (status: [32m301 (SUCCESS)[0m, TIME: 642ms)
[2025-11-16 05:32:04] GitHub404 -[32mFAST[0m (status: [31m404 (FAILED)[0m, TIME: 424ms)
[2025-11-16 05:32:08] SlowSite - [31mSLOW[0m (status: [32m200 (SUCCESS)[0m, TIME: 3808ms)
[2025-11-16 05:32:09] Google403 - [32mFAST[0m (status: [32m301 (SUCCESS)[0m, TIME: 237ms)
[2025-11-16 05:32:09] FakeSite - ---- (status: [31mUnreachable (FAILED)[0m, TIME: ----)
[2025-11-16 05:33:02] Google - [32mFAST[0m (status: [32m301 (SUCCESS)[0m, TIME: 430ms)
[2025-11-16 05:33:03] GitHub - [32mFAST[0m (status: [32m200 (SUCCESS)[0m, TIME: 370ms)
[2025-11-16 05:33:04] Amazon - [32mFAST[0m (status: [32m301 (SUCCESS)[0m, TIME: 471ms)
[2025-11-16 05:33:04] TypoDomain - [32mFAST[0m (status: [32m301 (SUCCESS)[0m, TIME: 303ms)
[2025-11-16 05:33:05] GitHub404 -[32mFAST[0m (status: [31m404 (FAILED)[0m, TIME: 380ms)
[2025-11-16 05:33:11] SlowSite - [31mSLOW[0m (status: [32m200 (SUCCESS)[0m, TIME: 6475ms)
[2025-11-16 05:33:12] Google403 - [32mFAST[0m (status: [32m301 (SUCCESS)[0m, TIME: 269ms)
[2025-11-16 05:33:12] FakeSite - ---- (status: [31mUnreachable (FAILED)[0m, TIME: ----)
[2025-11-16 05:34:02] Google - [32mFAST[0m (status: [32m301 (SUCCESS)[0m, TIME: 456ms)
[2025-11-16 05:34:02] GitHub - [32mFAST[0m (status: [32m200 (SUCCESS)[0m, TIME: 350ms)
[2025-11-16 05:34:03] Amazon - [32mFAST[0m (status: [32m301 (SUCCESS)[0m, TIME: 656ms)
[2025-11-16 05:34:04] TypoDomain - [32mFAST[0m (status: [32m301 (SUCCESS)[0m, TIME: 342ms)
[2025-11-16 05:34:04] GitHub404 -[32mFAST[0m (status: [31m404 (FAILED)[0m, TIME: 391ms)
[2025-11-16 05:34:09] SlowSite - [31mSLOW[0m (status: [32m200 (SUCCESS)[0m, TIME: 4286ms)
[2025-11-16 05:34:09] Google403 - [32mFAST[0m (status: [32m301 (SUCCESS)[0m, TIME: 276ms)
[2025-11-16 05:34:09] FakeSite - ---- (status: [31mUnreachable (FAILED)[0m, TIME: ----)
[2025-11-16 05:35:02] Google - [32mFAST[0m (status: [32m301 (SUCCESS)[0m, TIME: 276ms)
[2025-11-16 05:35:03] GitHub - [32mFAST[0m (status: [32m200 (SUCCESS)[0m, TIME: 405ms)
[2025-11-16 05:35:03] Amazon - [32mFAST[0m (status: [32m301 (SUCCESS)[0m, TIME: 598ms)
[2025-11-16 05:35:04] TypoDomain - [32mFAST[0m (status: [32m301 (SUCCESS)[0m, TIME: 774ms)
[2025-11-16 05:35:05] GitHub404 -[32mFAST[0m (status: [31m404 (FAILED)[0m, TIME: 448ms)
[2025-11-16 05:35:09] SlowSite - [31mSLOW[0m (status: [32m200 (SUCCESS)[0m, TIME: 3743ms)
[2025-11-16 05:35:09] Google403 - [32mFAST[0m (status: [32m301 (SUCCESS)[0m, TIME: 287ms)
[2025-11-16 05:35:10] FakeSite - ---- (status: [31mUnreachable (FAILED)[0m, TIME: ----)
[2025-11-16 05:36:01] Google - [32mFAST[0m (status: [32m301 (SUCCESS)[0m, TIME: 241ms)
[2025-11-16 05:36:02] GitHub - [32mFAST[0m (status: [32m200 (SUCCESS)[0m, TIME: 304ms)
[2025-11-16 05:36:02] Amazon - [32mFAST[0m (status: [32m301 (SUCCESS)[0m, TIME: 556ms)
[2025-11-16 05:36:03] TypoDomain - [32mFAST[0m (status: [32m301 (SUCCESS)[0m, TIME: 491ms)
[2025-11-16 05:36:04] GitHub404 -[32mFAST[0m (status: [31m404 (FAILED)[0m, TIME: 461ms)
[2025-11-16 05:36:10] SlowSite - [31mSLOW[0m (status: [32m200 (SUCCESS)[0m, TIME: 5697ms)
[2025-11-16 05:36:10] Google403 - [32mFAST[0m (status: [32m301 (SUCCESS)[0m, TIME: 245ms)
[2025-11-16 05:36:10] FakeSite - ---- (status: [31mUnreachable (FAILED)[0m, TIME: ----)
[2025-11-16 17:50:12] Google - ---- (status: [31mUnreachable (FAILED)[0m, TIME: ----)
[2025-11-16 17:50:22] GitHub - ---- (status: [31mUnreachable (FAILED)[0m, TIME: ----)
[2025-11-16 17:50:32] Amazon - ---- (status: [31mUnreachable (FAILED)[0m, TIME: ----)
[2025-11-16 17:50:43] TypoDomain - ---- (status: [31mUnreachable (FAILED)[0m, TIME: ----)
[2025-11-16 17:50:53] GitHub404 - ---- (status: [31mUnreachable (FAILED)[0m, TIME: ----)
[2025-11-16 17:51:03] SlowSite - ---- (status: [31mUnreachable (FAILED)[0m, TIME: ----)
[2025-11-16 17:51:14] Google403 - ---- (status: [31mUnreachable (FAILED)[0m, TIME: ----)
[2025-11-16 17:51:24] FakeSite - ---- (status: [31mUnreachable (FAILED)[0m, TIME: ----)
[2025-11-16 17:55:02] Google - [32mFAST[0m (status: [32m301 (SUCCESS)[0m, TIME: 498ms)
[2025-11-16 17:55:03] GitHub - [32mFAST[0m (status: [32m200 (SUCCESS)[0m, TIME: 281ms)
[2025-11-16 17:55:04] Amazon - [32mFAST[0m (status: [32m301 (SUCCESS)[0m, TIME: 474ms)
[2025-11-16 17:55:05] TypoDomain - [32mFAST[0m (status: [32m301 (SUCCESS)[0m, TIME: 756ms)
[2025-11-16 17:55:05] GitHub404 -[32mFAST[0m (status: [31m404 (FAILED)[0m, TIME: 332ms)
[2025-11-16 17:55:10] SlowSite - [31mSLOW[0m (status: [32m200 (SUCCESS)[0m, TIME: 4247ms)
[2025-11-16 17:55:11] Google403 - [32mFAST[0m (status: [32m301 (SUCCESS)[0m, TIME: 426ms)
[2025-11-16 17:55:11] FakeSite - ---- (status: [31mUnreachable (FAILED)[0m, TIME: ----)
[2025-11-16 18:00:01] Google - [32mFAST[0m (status: [32m301 (SUCCESS)[0m, TIME: 321ms)
[2025-11-16 18:00:02] GitHub - [32mFAST[0m (status: [32m200 (SUCCESS)[0m, TIME: 247ms)
[2025-11-16 18:00:03] Amazon - [32mFAST[0m (status: [32m301 (SUCCESS)[0m, TIME: 461ms)
[2025-11-16 18:00:04] TypoDomain - [32mFAST[0m (status: [32m301 (SUCCESS)[0m, TIME: 1015ms)
[2025-11-16 18:00:05] GitHub404 -[32mFAST[0m (status: [31m404 (FAILED)[0m, TIME: 362ms)
[2025-11-16 18:00:09] SlowSite - [31mSLOW[0m (status: [32m200 (SUCCESS)[0m, TIME: 3938ms)
[2025-11-16 18:00:10] Google403 - [32mFAST[0m (status: [32m301 (SUCCESS)[0m, TIME: 253ms)
[2025-11-16 18:00:10] FakeSite - ---- (status: [31mUnreachable (FAILED)[0m, TIME: ----)
[2025-11-16 18:05:02] Google - [32mFAST[0m (status: [32m301 (SUCCESS)[0m, TIME: 333ms)
[2025-11-16 18:05:02] GitHub - [32mFAST[0m (status: [32m200 (SUCCESS)[0m, TIME: 248ms)
[2025-11-16 18:05:03] Amazon - [32mFAST[0m (status: [32m301 (SUCCESS)[0m, TIME: 428ms)
[2025-11-16 18:05:04] TypoDomain - [32mFAST[0m (status: [32m301 (SUCCESS)[0m, TIME: 469ms)
[2025-11-16 18:05:05] GitHub404 -[32mFAST[0m (status: [31m404 (FAILED)[0m, TIME: 363ms)
[2025-11-16 18:05:09] SlowSite - [31mSLOW[0m (status: [32m200 (SUCCESS)[0m, TIME: 4054ms)
[2025-11-16 18:05:10] Google403 - [32mFAST[0m (status: [32m301 (SUCCESS)[0m, TIME: 281ms)
[2025-11-16 18:05:10] FakeSite - ---- (status: [31mUnreachable (FAILED)[0m, TIME: ----)
[2025-11-17 02:02:30] Google - [32mFAST[0m (status: [32m301 (SUCCESS)[0m, TIME: 318ms)
[2025-11-17 02:02:31] GitHub - [32mFAST[0m (status: [32m200 (SUCCESS)[0m, TIME: 253ms)
[2025-11-17 02:02:32] Amazon - [32mFAST[0m (status: [32m301 (SUCCESS)[0m, TIME: 590ms)
[2025-11-17 02:02:33] TypoDomain - [32mFAST[0m (status: [32m301 (SUCCESS)[0m, TIME: 770ms)
[2025-11-17 02:02:34] GitHub404 -[32mFAST[0m (status: [31m404 (FAILED)[0m, TIME: 400ms)
[2025-11-17 02:02:39] SlowSite - [31mSLOW[0m (status: [32m200 (SUCCESS)[0m, TIME: 4256ms)
[2025-11-17 02:02:39] Google403 - [32mFAST[0m (status: [32m301 (SUCCESS)[0m, TIME: 226ms)
[2025-11-17 02:02:40] FakeSite - ---- (status: [31mUnreachable (FAILED)[0m, TIME: ----)
[2025-11-17 02:20:02] Google - [32mFAST[0m (status: [32m301 (SUCCESS)[0m, TIME: 313ms)
[2025-11-17 02:20:03] GitHub - [32mFAST[0m (status: [32m200 (SUCCESS)[0m, TIME: 271ms)
[2025-11-17 02:20:04] Amazon - [32mFAST[0m (status: [32m301 (SUCCESS)[0m, TIME: 530ms)
[2025-11-17 02:20:05] TypoDomain - [32mFAST[0m (status: [32m301 (SUCCESS)[0m, TIME: 324ms)
[2025-11-17 02:20:06] GitHub404 -[32mFAST[0m (status: [31m404 (FAILED)[0m, TIME: 373ms)
[2025-11-17 02:20:11] SlowSite - [31mSLOW[0m (status: [32m200 (SUCCESS)[0m, TIME: 3786ms)
[2025-11-17 02:20:12] Google403 - [32mFAST[0m (status: [32m301 (SUCCESS)[0m, TIME: 265ms)
[2025-11-17 02:20:12] FakeSite - ---- (status: [31mUnreachable (FAILED)[0m, TIME: ----)
[2025-11-17 02:25:02] Google - [32mFAST[0m (status: [32m301 (SUCCESS)[0m, TIME: 287ms)
[2025-11-17 02:25:03] GitHub - [32mFAST[0m (status: [32m200 (SUCCESS)[0m, TIME: 249ms)
[2025-11-17 02:25:04] Amazon - [32mFAST[0m (status: [32m301 (SUCCESS)[0m, TIME: 445ms)
[2025-11-17 02:25:05] TypoDomain - [32mFAST[0m (status: [32m301 (SUCCESS)[0m, TIME: 365ms)
[2025-11-17 02:25:06] GitHub404 -[32mFAST[0m (status: [31m404 (FAILED)[0m, TIME: 380ms)
[2025-11-17 02:25:11] SlowSite - [31mSLOW[0m (status: [32m200 (SUCCESS)[0m, TIME: 3740ms)
[2025-11-17 02:25:12] Google403 - [32mFAST[0m (status: [32m301 (SUCCESS)[0m, TIME: 217ms)
[2025-11-17 02:25:12] FakeSite - ---- (status: [31mUnreachable (FAILED)[0m, TIME: ----)
[2025-11-17 02:30:02] Google - [32mFAST[0m (status: [32m301 (SUCCESS)[0m, TIME: 242ms)
[2025-11-17 02:30:03] GitHub - [32mFAST[0m (status: [32m200 (SUCCESS)[0m, TIME: 262ms)
[2025-11-17 02:30:04] Amazon - [32mFAST[0m (status: [32m301 (SUCCESS)[0m, TIME: 475ms)
[2025-11-17 02:30:05] TypoDomain - [32mFAST[0m (status: [32m301 (SUCCESS)[0m, TIME: 314ms)
[2025-11-17 02:30:06] GitHub404 -[32mFAST[0m (status: [31m404 (FAILED)[0m, TIME: 342ms)
[2025-11-17 02:30:10] SlowSite - [31mSLOW[0m (status: [32m200 (SUCCESS)[0m, TIME: 3708ms)
[2025-11-17 02:30:11] Google403 - [32mFAST[0m (status: [32m301 (SUCCESS)[0m, TIME: 239ms)
[2025-11-17 02:30:12] FakeSite - ---- (status: [31mUnreachable (FAILED)[0m, TIME: ----)
[2025-11-17 02:33:44] Google - [32mFAST[0m (status: [32m301 (SUCCESS)[0m, TIME: 286ms)
[2025-11-17 02:33:44] GitHub - [32mFAST[0m (status: [32m200 (SUCCESS)[0m, TIME: 276ms)
[2025-11-17 02:33:45] Amazon - [32mFAST[0m (status: [32m301 (SUCCESS)[0m, TIME: 481ms)
[2025-11-17 02:33:46] TypoDomain - [32mFAST[0m (status: [32m301 (SUCCESS)[0m, TIME: 315ms)
[2025-11-17 02:33:48] GitHub404 -[32mFAST[0m (status: [31m404 (FAILED)[0m, TIME: 606ms)
[2025-11-17 02:33:52] SlowSite - [31mSLOW[0m (status: [32m200 (SUCCESS)[0m, TIME: 3950ms)
[2025-11-17 02:33:53] Google403 - [32mFAST[0m (status: [32m301 (SUCCESS)[0m, TIME: 210ms)
[2025-11-17 02:33:54] FakeSite - ---- (status: [31mUnreachable (FAILED)[0m, TIME: ----)
[2025-11-17 02:35:02] Google - [32mFAST[0m (status: [32m301 (SUCCESS)[0m, TIME: 299ms)
[2025-11-17 02:35:03] GitHub - [32mFAST[0m (status: [32m200 (SUCCESS)[0m, TIME: 262ms)
[2025-11-17 02:35:04] Amazon - [32mFAST[0m (status: [32m301 (SUCCESS)[0m, TIME: 637ms)
[2025-11-17 02:35:06] TypoDomain - [32mFAST[0m (status: [32m301 (SUCCESS)[0m, TIME: 909ms)
[2025-11-17 02:35:07] GitHub404 -[32mFAST[0m (status: [31m404 (FAILED)[0m, TIME: 421ms)
[2025-11-17 02:35:12] SlowSite - [31mSLOW[0m (status: [32m200 (SUCCESS)[0m, TIME: 4190ms)
[2025-11-17 02:35:12] Google403 - [32mFAST[0m (status: [32m301 (SUCCESS)[0m, TIME: 197ms)
[2025-11-17 02:35:13] FakeSite - ---- (status: [31mUnreachable (FAILED)[0m, TIME: ----)
[2025-11-17 02:40:03] Google - [32mFAST[0m (status: [32m301 (SUCCESS)[0m, TIME: 233ms)
[2025-11-17 02:40:09] GitHub - [31mSLOW[0m (status: [32m200 (SUCCESS)[0m, TIME: 5383ms)
[2025-11-17 02:40:10] Amazon - [32mFAST[0m (status: [32m301 (SUCCESS)[0m, TIME: 516ms)
[2025-11-17 02:40:11] TypoDomain - [32mFAST[0m (status: [32m301 (SUCCESS)[0m, TIME: 480ms)
[2025-11-17 02:40:12] GitHub404 -[32mFAST[0m (status: [31m404 (FAILED)[0m, TIME: 416ms)
[2025-11-17 02:40:16] SlowSite - [31mSLOW[0m (status: [32m200 (SUCCESS)[0m, TIME: 3718ms)
[2025-11-17 02:40:17] Google403 - [32mFAST[0m (status: [32m301 (SUCCESS)[0m, TIME: 242ms)
[2025-11-17 02:40:18] FakeSite - ---- (status: [31mUnreachable (FAILED)[0m, TIME: ----)
[2025-11-17 02:45:02] Google - [32mFAST[0m (status: [32m301 (SUCCESS)[0m, TIME: 261ms)
[2025-11-17 02:45:03] GitHub - [32mFAST[0m (status: [32m200 (SUCCESS)[0m, TIME: 343ms)
[2025-11-17 02:45:04] Amazon - [32mFAST[0m (status: [32m301 (SUCCESS)[0m, TIME: 550ms)
[2025-11-17 02:45:05] TypoDomain - [32mFAST[0m (status: [32m301 (SUCCESS)[0m, TIME: 314ms)
[2025-11-17 02:45:06] GitHub404 -[32mFAST[0m (status: [31m404 (FAILED)[0m, TIME: 349ms)
[2025-11-17 02:45:10] SlowSite - [31mSLOW[0m (status: [32m200 (SUCCESS)[0m, TIME: 3968ms)
[2025-11-17 02:45:11] Google403 - [32mFAST[0m (status: [32m301 (SUCCESS)[0m, TIME: 248ms)
[2025-11-17 02:45:12] FakeSite - ---- (status: [31mUnreachable (FAILED)[0m, TIME: ----)
[2025-11-17 02:50:02] Google - [32mFAST[0m (status: [32m301 (SUCCESS)[0m, TIME: 311ms)
[2025-11-17 02:50:03] GitHub - [32mFAST[0m (status: [32m200 (SUCCESS)[0m, TIME: 242ms)
[2025-11-17 02:50:04] Amazon - [32mFAST[0m (status: [32m301 (SUCCESS)[0m, TIME: 557ms)
[2025-11-17 02:50:04] TypoDomain - [32mFAST[0m (status: [32m301 (SUCCESS)[0m, TIME: 474ms)
[2025-11-17 02:50:05] GitHub404 -[32mFAST[0m (status: [31m404 (FAILED)[0m, TIME: 343ms)
[2025-11-17 02:50:10] SlowSite - [31mSLOW[0m (status: [32m200 (SUCCESS)[0m, TIME: 5094ms)
[2025-11-17 02:50:11] Google403 - [32mFAST[0m (status: [32m301 (SUCCESS)[0m, TIME: 344ms)
[2025-11-17 02:50:11] FakeSite - ---- (status: [31mUnreachable (FAILED)[0m, TIME: ----)
[2025-11-17 02:55:02] Google - [32mFAST[0m (status: [32m301 (SUCCESS)[0m, TIME: 490ms)
[2025-11-17 02:55:03] GitHub - [32mFAST[0m (status: [32m200 (SUCCESS)[0m, TIME: 471ms)
[2025-11-17 02:55:04] Amazon - [32mFAST[0m (status: [32m301 (SUCCESS)[0m, TIME: 716ms)
[2025-11-17 02:55:05] TypoDomain - [32mFAST[0m (status: [32m301 (SUCCESS)[0m, TIME: 574ms)
[2025-11-17 02:55:05] GitHub404 -[32mFAST[0m (status: [31m404 (FAILED)[0m, TIME: 529ms)
[2025-11-17 02:55:10] SlowSite - [31mSLOW[0m (status: [32m200 (SUCCESS)[0m, TIME: 4695ms)
[2025-11-17 02:55:11] Google403 - [32mFAST[0m (status: [32m301 (SUCCESS)[0m, TIME: 219ms)
[2025-11-17 02:55:11] FakeSite - ---- (status: [31mUnreachable (FAILED)[0m, TIME: ----)
[2025-11-17 03:00:02] Google - [32mFAST[0m (status: [32m301 (SUCCESS)[0m, TIME: 260ms)
[2025-11-17 03:00:02] GitHub - [32mFAST[0m (status: [32m200 (SUCCESS)[0m, TIME: 277ms)
[2025-11-17 03:00:03] Amazon - [32mFAST[0m (status: [32m301 (SUCCESS)[0m, TIME: 468ms)
[2025-11-17 03:00:04] TypoDomain - [32mFAST[0m (status: [32m301 (SUCCESS)[0m, TIME: 490ms)
[2025-11-17 03:00:04] GitHub404 -[32mFAST[0m (status: [31m404 (FAILED)[0m, TIME: 365ms)
[2025-11-17 03:00:08] SlowSite - [31mSLOW[0m (status: [32m200 (SUCCESS)[0m, TIME: 3698ms)
[2025-11-17 03:00:09] Google403 - [32mFAST[0m (status: [32m301 (SUCCESS)[0m, TIME: 203ms)
[2025-11-17 03:00:09] FakeSite - ---- (status: [31mUnreachable (FAILED)[0m, TIME: ----)
[2025-11-17 03:05:02] Google - [32mFAST[0m (status: [32m301 (SUCCESS)[0m, TIME: 253ms)
[2025-11-17 03:05:02] GitHub - [32mFAST[0m (status: [32m200 (SUCCESS)[0m, TIME: 368ms)
[2025-11-17 03:05:03] Amazon - [32mFAST[0m (status: [32m301 (SUCCESS)[0m, TIME: 495ms)
[2025-11-17 03:05:04] TypoDomain - [32mFAST[0m (status: [32m301 (SUCCESS)[0m, TIME: 584ms)
[2025-11-17 03:05:04] GitHub404 -[32mFAST[0m (status: [31m404 (FAILED)[0m, TIME: 321ms)
[2025-11-17 03:05:09] SlowSite - [31mSLOW[0m (status: [32m200 (SUCCESS)[0m, TIME: 4852ms)
[2025-11-17 03:05:10] Google403 - [32mFAST[0m (status: [32m301 (SUCCESS)[0m, TIME: 263ms)
[2025-11-17 03:05:10] FakeSite - ---- (status: [31mUnreachable (FAILED)[0m, TIME: ----)
[2025-11-17 03:10:01] Google - [32mFAST[0m (status: [32m301 (SUCCESS)[0m, TIME: 220ms)
[2025-11-17 03:10:02] GitHub - [32mFAST[0m (status: [32m200 (SUCCESS)[0m, TIME: 237ms)
[2025-11-17 03:10:03] Amazon - [32mFAST[0m (status: [32m301 (SUCCESS)[0m, TIME: 798ms)
[2025-11-17 03:10:03] TypoDomain - [32mFAST[0m (status: [32m301 (SUCCESS)[0m, TIME: 464ms)
[2025-11-17 03:10:04] GitHub404 -[32mFAST[0m (status: [31m404 (FAILED)[0m, TIME: 334ms)
[2025-11-17 03:10:08] SlowSite - [31mSLOW[0m (status: [32m200 (SUCCESS)[0m, TIME: 3698ms)
[2025-11-17 03:10:08] Google403 - [32mFAST[0m (status: [32m301 (SUCCESS)[0m, TIME: 195ms)
[2025-11-17 03:10:09] FakeSite - ---- (status: [31mUnreachable (FAILED)[0m, TIME: ----)
[2025-11-17 03:15:01] Google - [32mFAST[0m (status: [32m301 (SUCCESS)[0m, TIME: 246ms)
[2025-11-17 03:15:02] GitHub - [32mFAST[0m (status: [32m200 (SUCCESS)[0m, TIME: 247ms)
[2025-11-17 03:15:03] Amazon - [32mFAST[0m (status: [32m301 (SUCCESS)[0m, TIME: 458ms)
[2025-11-17 03:15:04] TypoDomain - [32mFAST[0m (status: [32m301 (SUCCESS)[0m, TIME: 716ms)
[2025-11-17 03:15:04] GitHub404 -[32mFAST[0m (status: [31m404 (FAILED)[0m, TIME: 337ms)
[2025-11-17 03:15:09] SlowSite - [31mSLOW[0m (status: [32m200 (SUCCESS)[0m, TIME: 4188ms)
[2025-11-17 03:15:09] Google403 - [32mFAST[0m (status: [32m301 (SUCCESS)[0m, TIME: 239ms)
[2025-11-17 03:15:10] FakeSite - ---- (status: [31mUnreachable (FAILED)[0m, TIME: ----)
[2025-11-17 03:20:02] Google - [32mFAST[0m (status: [32m301 (SUCCESS)[0m, TIME: 491ms)
[2025-11-17 03:20:02] GitHub - [32mFAST[0m (status: [32m200 (SUCCESS)[0m, TIME: 333ms)
[2025-11-17 03:20:03] Amazon - [32mFAST[0m (status: [32m301 (SUCCESS)[0m, TIME: 648ms)
[2025-11-17 03:20:04] TypoDomain - [32mFAST[0m (status: [32m301 (SUCCESS)[0m, TIME: 794ms)
[2025-11-17 03:20:05] GitHub404 -[32mFAST[0m (status: [31m404 (FAILED)[0m, TIME: 590ms)
[2025-11-17 03:20:09] SlowSite - [31mSLOW[0m (status: [32m200 (SUCCESS)[0m, TIME: 4212ms)
[2025-11-17 03:20:10] Google403 - [32mFAST[0m (status: [32m301 (SUCCESS)[0m, TIME: 353ms)
[2025-11-17 03:20:10] FakeSite - ---- (status: [31mUnreachable (FAILED)[0m, TIME: ----)
[2025-11-17 03:25:02] Google - [32mFAST[0m (status: [32m301 (SUCCESS)[0m, TIME: 262ms)
[2025-11-17 03:25:02] GitHub - [32mFAST[0m (status: [32m200 (SUCCESS)[0m, TIME: 227ms)
[2025-11-17 03:25:03] Amazon - [32mFAST[0m (status: [32m301 (SUCCESS)[0m, TIME: 438ms)
[2025-11-17 03:25:03] TypoDomain - [32mFAST[0m (status: [32m301 (SUCCESS)[0m, TIME: 346ms)
[2025-11-17 03:25:04] GitHub404 -[32mFAST[0m (status: [31m404 (FAILED)[0m, TIME: 357ms)
[2025-11-17 03:25:09] SlowSite - [31mSLOW[0m (status: [32m200 (SUCCESS)[0m, TIME: 4488ms)
[2025-11-17 03:25:09] Google403 - [32mFAST[0m (status: [32m301 (SUCCESS)[0m, TIME: 184ms)
[2025-11-17 03:25:09] FakeSite - ---- (status: [31mUnreachable (FAILED)[0m, TIME: ----)
[2025-11-17 03:30:02] Google - [32mFAST[0m (status: [32m301 (SUCCESS)[0m, TIME: 230ms)
[2025-11-17 03:30:02] GitHub - [32mFAST[0m (status: [32m200 (SUCCESS)[0m, TIME: 253ms)
[2025-11-17 03:30:03] Amazon - [32mFAST[0m (status: [32m301 (SUCCESS)[0m, TIME: 447ms)
[2025-11-17 03:30:03] TypoDomain - [32mFAST[0m (status: [32m301 (SUCCESS)[0m, TIME: 312ms)
[2025-11-17 03:30:04] GitHub404 -[32mFAST[0m (status: [31m404 (FAILED)[0m, TIME: 327ms)
[2025-11-17 03:30:08] SlowSite - [31mSLOW[0m (status: [32m200 (SUCCESS)[0m, TIME: 3992ms)
[2025-11-17 03:30:09] Google403 - [32mFAST[0m (status: [32m301 (SUCCESS)[0m, TIME: 234ms)
[2025-11-17 03:30:09] FakeSite - ---- (status: [31mUnreachable (FAILED)[0m, TIME: ----)
[2025-11-17 03:35:01] Google - [32mFAST[0m (status: [32m301 (SUCCESS)[0m, TIME: 233ms)
[2025-11-17 03:35:02] GitHub - [32mFAST[0m (status: [32m200 (SUCCESS)[0m, TIME: 231ms)
[2025-11-17 03:35:03] Amazon - [32mFAST[0m (status: [32m301 (SUCCESS)[0m, TIME: 477ms)
[2025-11-17 03:35:04] TypoDomain - [32mFAST[0m (status: [32m301 (SUCCESS)[0m, TIME: 726ms)
[2025-11-17 03:35:04] GitHub404 -[32mFAST[0m (status: [31m404 (FAILED)[0m, TIME: 365ms)
[2025-11-17 03:35:13] SlowSite - [31mSLOW[0m (status: [32m200 (SUCCESS)[0m, TIME: 8682ms)
[2025-11-17 03:35:13] Google403 - [32mFAST[0m (status: [32m301 (SUCCESS)[0m, TIME: 228ms)
[2025-11-17 03:35:14] FakeSite - ---- (status: [31mUnreachable (FAILED)[0m, TIME: ----)
[2025-11-17 03:40:07] Google - [31mSLOW[0m (status: [32m301 (SUCCESS)[0m, TIME: 5249ms)
[2025-11-17 03:40:08] GitHub - [32mFAST[0m (status: [32m200 (SUCCESS)[0m, TIME: 233ms)
[2025-11-17 03:40:09] Amazon - [32mFAST[0m (status: [32m301 (SUCCESS)[0m, TIME: 453ms)
[2025-11-17 03:40:09] TypoDomain - [32mFAST[0m (status: [32m301 (SUCCESS)[0m, TIME: 318ms)
[2025-11-17 03:40:10] GitHub404 -[32mFAST[0m (status: [31m404 (FAILED)[0m, TIME: 361ms)
[2025-11-17 03:40:14] SlowSite - [31mSLOW[0m (status: [32m200 (SUCCESS)[0m, TIME: 3688ms)
[2025-11-17 03:40:14] Google403 - [32mFAST[0m (status: [32m301 (SUCCESS)[0m, TIME: 317ms)
[2025-11-17 03:40:15] FakeSite - ---- (status: [31mUnreachable (FAILED)[0m, TIME: ----)
[2025-11-17 03:45:01] Google - [32mFAST[0m (status: [32m301 (SUCCESS)[0m, TIME: 223ms)
[2025-11-17 03:45:02] GitHub - [32mFAST[0m (status: [32m200 (SUCCESS)[0m, TIME: 237ms)
[2025-11-17 03:45:03] Amazon - [32mFAST[0m (status: [32m301 (SUCCESS)[0m, TIME: 471ms)
[2025-11-17 03:45:03] TypoDomain - [32mFAST[0m (status: [32m301 (SUCCESS)[0m, TIME: 492ms)
[2025-11-17 03:45:04] GitHub404 -[32mFAST[0m (status: [31m404 (FAILED)[0m, TIME: 315ms)
[2025-11-17 03:45:08] SlowSite - [31mSLOW[0m (status: [32m200 (SUCCESS)[0m, TIME: 3726ms)
[2025-11-17 03:45:08] Google403 - [32mFAST[0m (status: [32m301 (SUCCESS)[0m, TIME: 210ms)
[2025-11-17 03:45:08] FakeSite - ---- (status: [31mUnreachable (FAILED)[0m, TIME: ----)
